<?xml version="1.0" encoding="UTF-8"?>
<!-- Generated by org.testng.reporters.JUnitReportReporter -->
<testsuite hostname="DESKTOP-P7UT9DO" failures="0" tests="2" name="com.testng.SimpleAnnotation" time="0.038" errors="0" timestamp="2024-02-12T16:36:36 IST" skipped="0">
  <testcase classname="com.testng.SimpleAnnotation" name="selectMobile" time="0.011"/>
  <testcase classname="com.testng.SimpleAnnotation" name="selectLaptop" time="0.027"/>
</testsuite> <!-- com.testng.SimpleAnnotation -->
