<?xml version="1.0" encoding="UTF-8"?>
<!-- Generated by org.testng.reporters.JUnitReportReporter -->
<testsuite hostname="DESKTOP-P7UT9DO" failures="0" tests="5" name="com.testng.Parallel_Test" time="0.241" errors="0" timestamp="2024-02-14T16:01:30 IST" skipped="0">
  <testcase classname="com.testng.Parallel_Test" name="twitterLogin" time="0.051"/>
  <testcase classname="com.testng.Parallel_Test" name="yahooLogin" time="0.039"/>
  <testcase classname="com.testng.Parallel_Test" name="gmailLogin" time="0.066"/>
  <testcase classname="com.testng.Parallel_Test" name="pinterestLogin" time="0.033"/>
  <testcase classname="com.testng.Parallel_Test" name="redditLogin" time="0.052"/>
</testsuite> <!-- com.testng.Parallel_Test -->
