<?xml version="1.0" encoding="UTF-8"?>
<!-- Generated by org.testng.reporters.JUnitReportReporter -->
<testsuite hostname="DESKTOP-P7UT9DO" failures="0" tests="5" name="com.testng.Priority_Test" time="0.087" errors="0" timestamp="2024-02-12T16:34:44 IST" skipped="0">
  <testcase classname="com.testng.Priority_Test" name="redditLogin" time="0.026"/>
  <testcase classname="com.testng.Priority_Test" name="yahooLogin" time="0.014"/>
  <testcase classname="com.testng.Priority_Test" name="gmailLogin" time="0.014"/>
  <testcase classname="com.testng.Priority_Test" name="pinterestLogin" time="0.011"/>
  <testcase classname="com.testng.Priority_Test" name="twitterLogin" time="0.022"/>
</testsuite> <!-- com.testng.Priority_Test -->
