<?xml version="1.0" encoding="UTF-8"?>
<!-- Generated by org.testng.reporters.JUnitReportReporter -->
<testsuite hostname="DESKTOP-P7UT9DO" failures="0" tests="3" name="com.testng.Grouping" time="0.039" errors="0" timestamp="2024-02-14T15:48:00 IST" skipped="0">
  <testcase classname="com.testng.Grouping" name="yahooLogin" time="0.004"/>
  <testcase classname="com.testng.Grouping" name="redditLogin" time="0.025"/>
  <testcase classname="com.testng.Grouping" name="twitterLogin" time="0.010"/>
</testsuite> <!-- com.testng.Grouping -->
