<?xml version="1.0" encoding="UTF-8"?>
<!-- Generated by org.testng.reporters.JUnitReportReporter -->
<testsuite hostname="DESKTOP-P7UT9DO" failures="0" tests="1" name="com.testng.Parameter" time="1.319" errors="0" timestamp="2024-02-15T06:46:59 IST" skipped="0">
  <testcase classname="com.testng.Parameter" name="login" time="1.319"/>
</testsuite> <!-- com.testng.Parameter -->
