<?xml version="1.0" encoding="UTF-8"?>
<!-- Generated by org.testng.reporters.JUnitReportReporter -->
<testsuite hostname="DESKTOP-P7UT9DO" failures="0" tests="5" name="com.testng.ExpectedException" time="0.055" errors="0" timestamp="2024-02-15T04:58:31 IST" skipped="0">
  <testcase classname="com.testng.ExpectedException" name="redditLogin" time="0.032"/>
  <testcase classname="com.testng.ExpectedException" name="yahooLogin" time="0.009"/>
  <testcase classname="com.testng.ExpectedException" name="gmailLogin" time="0.006"/>
  <testcase classname="com.testng.ExpectedException" name="twitterLogin" time="0.004"/>
  <testcase classname="com.testng.ExpectedException" name="pinterestLogin" time="0.004"/>
</testsuite> <!-- com.testng.ExpectedException -->
