<?xml version="1.0" encoding="UTF-8"?>
<!-- Generated by org.testng.reporters.JUnitReportReporter -->
<testsuite hostname="DESKTOP-P7UT9DO" failures="0" tests="14" name="com.testng.Invocation_Count" time="0.115" errors="0" timestamp="2024-02-13T06:07:38 IST" skipped="0">
  <testcase classname="com.testng.Invocation_Count" name="redditLogin" time="0.025"/>
  <testcase classname="com.testng.Invocation_Count" name="yahooLogin" time="0.023"/>
  <testcase classname="com.testng.Invocation_Count" name="yahooLogin" time="0.006"/>
  <testcase classname="com.testng.Invocation_Count" name="yahooLogin" time="0.014"/>
  <testcase classname="com.testng.Invocation_Count" name="yahooLogin" time="0.006"/>
  <testcase classname="com.testng.Invocation_Count" name="yahooLogin" time="0.003"/>
  <testcase classname="com.testng.Invocation_Count" name="gmailLogin" time="0.004"/>
  <testcase classname="com.testng.Invocation_Count" name="pinterestLogin" time="0.003"/>
  <testcase classname="com.testng.Invocation_Count" name="twitterLogin" time="0.004"/>
  <testcase classname="com.testng.Invocation_Count" name="twitterLogin" time="0.007"/>
  <testcase classname="com.testng.Invocation_Count" name="twitterLogin" time="0.005"/>
  <testcase classname="com.testng.Invocation_Count" name="twitterLogin" time="0.005"/>
  <testcase classname="com.testng.Invocation_Count" name="twitterLogin" time="0.004"/>
  <testcase classname="com.testng.Invocation_Count" name="twitterLogin" time="0.006"/>
</testsuite> <!-- com.testng.Invocation_Count -->
