<?xml version="1.0" encoding="UTF-8"?>
<!-- Generated by org.testng.reporters.JUnitReportReporter -->
<testsuite hostname="DESKTOP-P7UT9DO" failures="0" tests="4" name="com.testng.Ignore_test" time="0.040" errors="0" timestamp="2024-02-12T16:24:46 IST" skipped="2">
  <testcase classname="com.testng.Ignore_test" name="redditLogin" time="0.028"/>
  <testcase classname="com.testng.Ignore_test" name="yahooLogin" time="0.012"/>
  <testcase classname="com.testng.Ignore_test" name="gmailLogin">
    <skipped/>
  </testcase> <!-- gmailLogin -->
  <testcase classname="com.testng.Ignore_test" name="twitterLogin">
    <skipped/>
  </testcase> <!-- twitterLogin -->
</testsuite> <!-- com.testng.Ignore_test -->
